2017-11-22 06:13:08,174 [replica_0    150] [INFO ]  ====>> FAILURE DS :{0: {'replica': {1: [{'client': 0, 'messageNumber': 2, 'triggerName': 'shuttle', 'triggerFailure': 'change_operation'}]}}, 1: {'replica': {1: [{'client': -1, 'messageNumber': 3, 'triggerName': 'new_configuration', 'triggerFailure': 'crash'}]}}}
2017-11-22 06:13:08,181 [replica_1    150] [INFO ]  ====>> FAILURE DS :{0: {'replica': {1: [{'client': 0, 'messageNumber': 2, 'triggerName': 'shuttle', 'triggerFailure': 'change_operation'}]}}, 1: {'replica': {1: [{'client': -1, 'messageNumber': 3, 'triggerName': 'new_configuration', 'triggerFailure': 'crash'}]}}}
2017-11-22 06:13:08,186 [replica_2    150] [INFO ]  ====>> FAILURE DS :{0: {'replica': {1: [{'client': 0, 'messageNumber': 2, 'triggerName': 'shuttle', 'triggerFailure': 'change_operation'}]}}, 1: {'replica': {1: [{'client': -1, 'messageNumber': 3, 'triggerName': 'new_configuration', 'triggerFailure': 'crash'}]}}}
2017-11-22 06:13:08,189 [replica_0    119] [INFO ]  Starting replica in configuration number : 0
2017-11-22 06:13:08,191 [replica_1    119] [INFO ]  Starting replica in configuration number : 0
2017-11-22 06:13:08,192 [replica_2    119] [INFO ]  Starting replica in configuration number : 0
2017-11-22 06:13:08,197 [client_0     56] [INFO ]  ******** Finished Client setup: <Client:b4402#client_0> => ["put('movie','star')", "append('movie','wars')", "slice('movie':'4:7')", "get('movie')", "get('movie')"] *********
2017-11-22 06:13:08,200 [client_0     59] [INFO ]  Client start called. Inside run()
2017-11-22 06:13:08,201 [client_0     128] [INFO ]  The Client:<Client:b4402#client_0>. workload to be performed : ["put('movie','star')", "append('movie','wars')", "slice('movie':'4:7')", "get('movie')", "get('movie')"]
2017-11-22 06:13:08,202 [client_0     137] [INFO ]  running for index 0
2017-11-22 06:13:08,202 [client_0     140] [INFO ]  ****************************************************************
2017-11-22 06:13:08,202 [client_0     141] [INFO ]  process started for the operation : put('movie','star')
2017-11-22 06:13:08,203 [client_0     281] [INFO ]  Executing Operation in dictonary. operation : put('movie','star')
2017-11-22 06:13:08,203 [client_0     73] [INFO ]  Sending operations at Replicas, requestId: 34ce661b-fe03-4bb8-809b-5cf183c8598a, operation : put('movie','star')
2017-11-22 06:13:08,206 [replica_0    570] [INFO ]  ************************FORWARD SHUTTLE***************
2017-11-22 06:13:08,207 [replica_0    573] [INFO ]  PERFORM_OPERATION at HEAD Replica request_id : 34ce661b-fe03-4bb8-809b-5cf183c8598a, operation : put('movie','star'), client : <Client:b4402#client_0>,  slot number: 1
2017-11-22 06:13:08,207 [replica_0    174] [INFO ]  checkForPossibleFailure_PHASE_3 runPossibleFailure Trigger Found => None
2017-11-22 06:13:08,207 [replica_0    281] [INFO ]  Executing Operation in dictonary. operation : put('movie','star')
2017-11-22 06:13:08,208 [replica_0    243] [INFO ]  updating OrderProof and ResultProof !!
2017-11-22 06:13:08,208 [replica_0    306] [INFO ]  CheckForPossibleFailure : {'wedge_requestCounter': 0, 'new_configurationCounter': 0, 'checkpointCounter': 0, 'completed_checkpointCounter': 0, 'get_running_stateCounter': 0, 'catch_upCounter': 0, <Client:b4402#client_0>: {'directRequestCounter': 1, 'forwardRequestCounter': 0, 'shuttleCounter': 1, 'resultShuttleCounter': 0}}, client : <Client:b4402#client_0>
2017-11-22 06:13:08,209 [replica_0    591] [INFO ]  TriggerName Found => None
2017-11-22 06:13:08,209 [replica_0    594] [INFO ]  PERFORM_OPERATION done at HeadReplica, transfering SHUTTLE to nextReplica : <Replica:5b002#replica_1>
2017-11-22 06:13:08,211 [replica_1    611] [INFO ]  ************************FORWARD SHUTTLE***************
2017-11-22 06:13:08,213 [replica_1    613] [INFO ]  PERFORM_OPERATION called at NONHEAD Replica request_id : 34ce661b-fe03-4bb8-809b-5cf183c8598a, slot_number: 1, operation : put('movie','star'), client : <Client:b4402#client_0>, from Replica : <Replica:55802#replica_0>
2017-11-22 06:13:08,214 [replica_1    174] [INFO ]  checkForPossibleFailure_PHASE_3 runPossibleFailure Trigger Found => None
2017-11-22 06:13:08,215 [replica_1    186] [INFO ]  request_id : 34ce661b-fe03-4bb8-809b-5cf183c8598a, operation : put('movie','star'), client : <Client:b4402#client_0>, validateOrderProof
2017-11-22 06:13:08,216 [replica_1    208] [INFO ]  validateOrderProof success !!
2017-11-22 06:13:08,217 [replica_1    281] [INFO ]  Executing Operation in dictonary. operation : put('movie','star')
2017-11-22 06:13:08,218 [replica_1    243] [INFO ]  updating OrderProof and ResultProof !!
2017-11-22 06:13:08,218 [replica_1    306] [INFO ]  CheckForPossibleFailure : {'wedge_requestCounter': 0, 'new_configurationCounter': 0, 'checkpointCounter': 0, 'completed_checkpointCounter': 0, 'get_running_stateCounter': 0, 'catch_upCounter': 0, <Client:b4402#client_0>: {'directRequestCounter': 0, 'forwardRequestCounter': 0, 'shuttleCounter': 1, 'resultShuttleCounter': 0}}, client : <Client:b4402#client_0>
2017-11-22 06:13:08,219 [replica_1    673] [INFO ]  TriggerName Found => None
2017-11-22 06:13:08,221 [replica_2    611] [INFO ]  ************************FORWARD SHUTTLE***************
2017-11-22 06:13:08,223 [replica_2    613] [INFO ]  PERFORM_OPERATION called at NONHEAD Replica request_id : 34ce661b-fe03-4bb8-809b-5cf183c8598a, slot_number: 1, operation : put('movie','star'), client : <Client:b4402#client_0>, from Replica : <Replica:5b002#replica_1>
2017-11-22 06:13:08,223 [replica_2    174] [INFO ]  checkForPossibleFailure_PHASE_3 runPossibleFailure Trigger Found => None
2017-11-22 06:13:08,224 [replica_2    186] [INFO ]  request_id : 34ce661b-fe03-4bb8-809b-5cf183c8598a, operation : put('movie','star'), client : <Client:b4402#client_0>, validateOrderProof
2017-11-22 06:13:08,224 [replica_2    208] [INFO ]  validateOrderProof success !!
2017-11-22 06:13:08,225 [replica_2    281] [INFO ]  Executing Operation in dictonary. operation : put('movie','star')
2017-11-22 06:13:08,225 [replica_2    243] [INFO ]  updating OrderProof and ResultProof !!
2017-11-22 06:13:08,226 [replica_2    182] [INFO ]  caching result for request_id : 34ce661b-fe03-4bb8-809b-5cf183c8598a
2017-11-22 06:13:08,226 [replica_2    639] [INFO ]  request_id : 34ce661b-fe03-4bb8-809b-5cf183c8598a, operation : put('movie','star'), client : <Client:b4402#client_0>SHUTTLE reached at Tail
2017-11-22 06:13:08,227 [replica_2    306] [INFO ]  CheckForPossibleFailure : {'wedge_requestCounter': 0, 'new_configurationCounter': 0, 'checkpointCounter': 0, 'completed_checkpointCounter': 0, 'get_running_stateCounter': 0, 'catch_upCounter': 0, <Client:b4402#client_0>: {'directRequestCounter': 0, 'forwardRequestCounter': 0, 'shuttleCounter': 1, 'resultShuttleCounter': 0}}, client : <Client:b4402#client_0>
2017-11-22 06:13:08,227 [replica_2    644] [INFO ]  TriggerName Found => None
2017-11-22 06:13:08,229 [client_0     236] [INFO ]  Result SHUTTLE reached from tail Replica : <Replica:e2802#replica_2>, dictdata : {'movie': 'star'}, request_id : 34ce661b-fe03-4bb8-809b-5cf183c8598a
2017-11-22 06:13:08,229 [replica_2    652] [INFO ]  ************************REVERSE SHUTTLE***************
2017-11-22 06:13:08,230 [replica_2    653] [INFO ]  REVERSE_SHUTTLE starting. Forwarding to prevReplica : <Replica:5b002#replica_1>, Request_id : 34ce661b-fe03-4bb8-809b-5cf183c8598a
2017-11-22 06:13:08,230 [replica_2    306] [INFO ]  CheckForPossibleFailure : {'wedge_requestCounter': 0, 'new_configurationCounter': 0, 'checkpointCounter': 0, 'completed_checkpointCounter': 0, 'get_running_stateCounter': 0, 'catch_upCounter': 0, <Client:b4402#client_0>: {'directRequestCounter': 0, 'forwardRequestCounter': 0, 'shuttleCounter': 1, 'resultShuttleCounter': 1}}, client : <Client:b4402#client_0>
2017-11-22 06:13:08,230 [replica_2    659] [INFO ]  TriggerName Found => None
2017-11-22 06:13:08,231 [client_0     240] [INFO ]  client_dict_validation_flag => False
2017-11-22 06:13:08,231 [client_0     253] [INFO ]  Result proof correctly validated! SUCCESS !!
2017-11-22 06:13:08,232 [client_0     155] [INFO ]  Operation executed : put('movie','star')
2017-11-22 06:13:08,232 [client_0     214] [INFO ]  running for index in the end 1
2017-11-22 06:13:08,232 [client_0     137] [INFO ]  running for index 1
2017-11-22 06:13:08,232 [client_0     140] [INFO ]  ****************************************************************
2017-11-22 06:13:08,233 [client_0     141] [INFO ]  process started for the operation : append('movie','wars')
2017-11-22 06:13:08,233 [replica_1    751] [INFO ]  ************************REVERSE SHUTTLE***************
2017-11-22 06:13:08,233 [client_0     281] [INFO ]  Executing Operation in dictonary. operation : append('movie','wars')
2017-11-22 06:13:08,233 [client_0     73] [INFO ]  Sending operations at Replicas, requestId: de803223-725f-4ae4-83f4-d73086877f87, operation : append('movie','wars')
2017-11-22 06:13:08,233 [replica_1    753] [INFO ]  REVERSE_SHUTTLE reached at replica request_id : 34ce661b-fe03-4bb8-809b-5cf183c8598a, client : <Client:b4402#client_0>, from nextReplica : <Replica:e2802#replica_2>
2017-11-22 06:13:08,235 [replica_1    182] [INFO ]  caching result for request_id : 34ce661b-fe03-4bb8-809b-5cf183c8598a
2017-11-22 06:13:08,236 [replica_1    306] [INFO ]  CheckForPossibleFailure : {'wedge_requestCounter': 0, 'new_configurationCounter': 0, 'checkpointCounter': 0, 'completed_checkpointCounter': 0, 'get_running_stateCounter': 0, 'catch_upCounter': 0, <Client:b4402#client_0>: {'directRequestCounter': 0, 'forwardRequestCounter': 0, 'shuttleCounter': 1, 'resultShuttleCounter': 1}}, client : <Client:b4402#client_0>
2017-11-22 06:13:08,236 [replica_0    570] [INFO ]  ************************FORWARD SHUTTLE***************
2017-11-22 06:13:08,236 [replica_1    765] [INFO ]  TriggerName Found => None
2017-11-22 06:13:08,237 [replica_1    772] [INFO ]  request_id : 34ce661b-fe03-4bb8-809b-5cf183c8598a, after caching result, forwarding to prevReplica : <Replica:55802#replica_0>
2017-11-22 06:13:08,237 [replica_0    573] [INFO ]  PERFORM_OPERATION at HEAD Replica request_id : de803223-725f-4ae4-83f4-d73086877f87, operation : append('movie','wars'), client : <Client:b4402#client_0>,  slot number: 2
2017-11-22 06:13:08,238 [replica_0    174] [INFO ]  checkForPossibleFailure_PHASE_3 runPossibleFailure Trigger Found => None
2017-11-22 06:13:08,238 [replica_0    281] [INFO ]  Executing Operation in dictonary. operation : append('movie','wars')
2017-11-22 06:13:08,239 [replica_0    243] [INFO ]  updating OrderProof and ResultProof !!
2017-11-22 06:13:08,240 [replica_0    306] [INFO ]  CheckForPossibleFailure : {'wedge_requestCounter': 0, 'new_configurationCounter': 0, 'checkpointCounter': 0, 'completed_checkpointCounter': 0, 'get_running_stateCounter': 0, 'catch_upCounter': 0, <Client:b4402#client_0>: {'directRequestCounter': 2, 'forwardRequestCounter': 0, 'shuttleCounter': 2, 'resultShuttleCounter': 0}}, client : <Client:b4402#client_0>
2017-11-22 06:13:08,240 [replica_0    591] [INFO ]  TriggerName Found => None
2017-11-22 06:13:08,241 [replica_0    594] [INFO ]  PERFORM_OPERATION done at HeadReplica, transfering SHUTTLE to nextReplica : <Replica:5b002#replica_1>
2017-11-22 06:13:08,243 [replica_1    611] [INFO ]  ************************FORWARD SHUTTLE***************
2017-11-22 06:13:08,243 [replica_0    751] [INFO ]  ************************REVERSE SHUTTLE***************
2017-11-22 06:13:08,244 [replica_0    753] [INFO ]  REVERSE_SHUTTLE reached at replica request_id : 34ce661b-fe03-4bb8-809b-5cf183c8598a, client : <Client:b4402#client_0>, from nextReplica : <Replica:5b002#replica_1>
2017-11-22 06:13:08,244 [replica_1    613] [INFO ]  PERFORM_OPERATION called at NONHEAD Replica request_id : de803223-725f-4ae4-83f4-d73086877f87, slot_number: 2, operation : append('movie','wars'), client : <Client:b4402#client_0>, from Replica : <Replica:55802#replica_0>
2017-11-22 06:13:08,245 [replica_1    174] [INFO ]  checkForPossibleFailure_PHASE_3 runPossibleFailure Trigger Found => None
2017-11-22 06:13:08,246 [replica_0    182] [INFO ]  caching result for request_id : 34ce661b-fe03-4bb8-809b-5cf183c8598a
2017-11-22 06:13:08,246 [replica_0    759] [INFO ]  SHUTTLE reached at HEAD for slot : 2
2017-11-22 06:13:08,246 [replica_1    186] [INFO ]  request_id : de803223-725f-4ae4-83f4-d73086877f87, operation : append('movie','wars'), client : <Client:b4402#client_0>, validateOrderProof
2017-11-22 06:13:08,247 [replica_1    208] [INFO ]  validateOrderProof success !!
2017-11-22 06:13:08,247 [replica_1    281] [INFO ]  Executing Operation in dictonary. operation : append('movie','wars')
2017-11-22 06:13:08,248 [replica_1    243] [INFO ]  updating OrderProof and ResultProof !!
2017-11-22 06:13:08,249 [replica_1    306] [INFO ]  CheckForPossibleFailure : {'wedge_requestCounter': 0, 'new_configurationCounter': 0, 'checkpointCounter': 0, 'completed_checkpointCounter': 0, 'get_running_stateCounter': 0, 'catch_upCounter': 0, <Client:b4402#client_0>: {'directRequestCounter': 0, 'forwardRequestCounter': 0, 'shuttleCounter': 2, 'resultShuttleCounter': 1}}, client : <Client:b4402#client_0>
2017-11-22 06:13:08,249 [replica_1    673] [INFO ]  TriggerName Found => change_operation
2017-11-22 06:13:08,250 [replica_1    276] [INFO ]  request_id : de803223-725f-4ae4-83f4-d73086877f87, operation : append('movie','wars'), triggerName : change_operation, callFailureFunctionBasedOnTrigger
2017-11-22 06:13:08,250 [replica_1    384] [INFO ]  Change operation called with shuttle, requestId: de803223-725f-4ae4-83f4-d73086877f87operation : append('movie','wars')
2017-11-22 06:13:08,253 [replica_2    611] [INFO ]  ************************FORWARD SHUTTLE***************
2017-11-22 06:13:08,254 [replica_2    613] [INFO ]  PERFORM_OPERATION called at NONHEAD Replica request_id : de803223-725f-4ae4-83f4-d73086877f87, slot_number: 2, operation : append('movie','wars'), client : <Client:b4402#client_0>, from Replica : <Replica:5b002#replica_1>
2017-11-22 06:13:08,255 [replica_2    174] [INFO ]  checkForPossibleFailure_PHASE_3 runPossibleFailure Trigger Found => None
2017-11-22 06:13:08,255 [replica_2    186] [INFO ]  request_id : de803223-725f-4ae4-83f4-d73086877f87, operation : append('movie','wars'), client : <Client:b4402#client_0>, validateOrderProof
2017-11-22 06:13:08,256 [replica_2    210] [ERROR]  validateOrderProof failed !!
2017-11-22 06:13:08,256 [replica_2    679] [ERROR]  ************************Validating order proof failed at replica : <Replica:e2802#replica_2>, request_id : de803223-725f-4ae4-83f4-d73086877f87
2017-11-22 06:13:08,256 [replica_2    680] [INFO ]  calling for reconfiguration from replica  :: <Replica:e2802#replica_2>
2017-11-22 06:13:08,257 [replica_2    564] [INFO ]  reconfiguration called from Replcia
2017-11-22 06:13:08,259 [client_0     275] [INFO ]  Replicas are undergoing Configuration !! Waiting.........

2017-11-22 06:13:08,260 [replica_0    906] [INFO ]  ************WEDGE STATEMENT requested from Olympus********
2017-11-22 06:13:08,261 [replica_0    174] [INFO ]  checkForPossibleFailure_PHASE_3 runPossibleFailure Trigger Found => None
2017-11-22 06:13:08,262 [replica_1    906] [INFO ]  ************WEDGE STATEMENT requested from Olympus********
2017-11-22 06:13:08,262 [replica_1    174] [INFO ]  checkForPossibleFailure_PHASE_3 runPossibleFailure Trigger Found => None
2017-11-22 06:13:08,263 [replica_2    906] [INFO ]  ************WEDGE STATEMENT requested from Olympus********
2017-11-22 06:13:08,264 [replica_2    174] [INFO ]  checkForPossibleFailure_PHASE_3 runPossibleFailure Trigger Found => None
2017-11-22 06:13:08,283 [replica_0    920] [INFO ]  ************CATCH_UP requested from Olympus********
2017-11-22 06:13:08,284 [replica_0    174] [INFO ]  checkForPossibleFailure_PHASE_3 runPossibleFailure Trigger Found => None
2017-11-22 06:13:08,285 [replica_0    948] [INFO ]  ************ CAUGHT_UP sent to Olympus******** 
2017-11-22 06:13:08,285 [replica_2    920] [INFO ]  ************CATCH_UP requested from Olympus********
2017-11-22 06:13:08,285 [replica_2    174] [INFO ]  checkForPossibleFailure_PHASE_3 runPossibleFailure Trigger Found => None
2017-11-22 06:13:08,286 [replica_2    936] [INFO ]  incoming slot from catch up statement is :2 , last client slot : 1
2017-11-22 06:13:08,287 [replica_2    281] [INFO ]  Executing Operation in dictonary. operation : append('movie','wars')
2017-11-22 06:13:08,289 [replica_2    948] [INFO ]  ************ CAUGHT_UP sent to Olympus******** 
2017-11-22 06:13:08,294 [replica_0    953] [INFO ]  ************FINAL GET_RUNNING_STATE requested from Olympus********
2017-11-22 06:13:08,295 [replica_0    174] [INFO ]  checkForPossibleFailure_PHASE_3 runPossibleFailure Trigger Found => None
2017-11-22 06:13:08,297 [replica_0    964] [INFO ]  Sending Running state: {'movie': 'star wars'}
2017-11-22 06:13:08,297 [replica_0    965] [INFO ]  ************FINAL_RUNNING_STATE sent to Olympus********
2017-11-22 06:13:08,300 [replica_0    970] [INFO ]  Killing Myself: This is replica: <Replica:55802#replica_0>
2017-11-22 06:13:08,302 [replica_1    970] [INFO ]  Killing Myself: This is replica: <Replica:5b002#replica_1>
2017-11-22 06:13:08,303 [replica_2    970] [INFO ]  Killing Myself: This is replica: <Replica:e2802#replica_2>
2017-11-22 06:13:08,368 [replica_0    150] [INFO ]  ====>> FAILURE DS :{0: {'replica': {1: [{'client': 0, 'messageNumber': 2, 'triggerName': 'shuttle', 'triggerFailure': 'change_operation'}]}}, 1: {'replica': {1: [{'client': -1, 'messageNumber': 3, 'triggerName': 'new_configuration', 'triggerFailure': 'crash'}]}}}
2017-11-22 06:13:08,373 [replica_1    150] [INFO ]  ====>> FAILURE DS :{0: {'replica': {1: [{'client': 0, 'messageNumber': 2, 'triggerName': 'shuttle', 'triggerFailure': 'change_operation'}]}}, 1: {'replica': {1: [{'client': -1, 'messageNumber': 3, 'triggerName': 'new_configuration', 'triggerFailure': 'crash'}]}}}
2017-11-22 06:13:08,378 [replica_2    150] [INFO ]  ====>> FAILURE DS :{0: {'replica': {1: [{'client': 0, 'messageNumber': 2, 'triggerName': 'shuttle', 'triggerFailure': 'change_operation'}]}}, 1: {'replica': {1: [{'client': -1, 'messageNumber': 3, 'triggerName': 'new_configuration', 'triggerFailure': 'crash'}]}}}
2017-11-22 06:13:08,380 [replica_0    119] [INFO ]  Starting replica in configuration number : 1
2017-11-22 06:13:08,382 [replica_1    119] [INFO ]  Starting replica in configuration number : 1
2017-11-22 06:13:08,383 [replica_2    119] [INFO ]  Starting replica in configuration number : 1
2017-11-22 06:13:08,385 [client_0     264] [INFO ]  *************FINAL NEW REPLICAS RECEIVED FROM OLYMPUS*************

